# JRE version: OpenJDK Runtime Environment (8.0_202-b02) (build 1.8.0_202-release-1483-b02)
# Java VM: OpenJDK 64-Bit Server VM (25.202-b02 mixed mode windows-amd64 compressed oops)
Heap:
 PSYoungGen      total 365568K, used 109002K [0x00000000e0000000, 0x0000000100000000, 0x0000000100000000)
  eden space 312832K, 17% used [0x00000000e0000000,0x00000000e36f7340,0x00000000f3180000)
  from space 52736K, 99% used [0x00000000f3180000,0x00000000f64fb850,0x00000000f6500000)
  to   space 75264K, 0% used [0x00000000fb680000,0x00000000fb680000,0x0000000100000000)
 ParOldGen       total 202752K, used 88434K [0x00000000a0000000, 0x00000000ac600000, 0x00000000e0000000)
  object space 202752K, 43% used [0x00000000a0000000,0x00000000a565ca88,0x00000000ac600000)
 Metaspace       used 98847K, capacity 103001K, committed 103188K, reserved 1138688K
  class space    used 12701K, capacity 13584K, committed 13628K, reserved 1048576K
GC Heap History (10 events):
Event: 5067.664 GC heap before
{Heap before GC invocations=34 (full 4):
 PSYoungGen      total 334848K, used 299215K [0x00000000e0000000, 0x00000000fa480000, 0x0000000100000000)
  eden space 274944K, 100% used [0x00000000e0000000,0x00000000f0c80000,0x00000000f0c80000)
  from space 59904K, 40% used [0x00000000f0c80000,0x00000000f2433d10,0x00000000f4700000)
  to   space 57856K, 0% used [0x00000000f6c00000,0x00000000f6c00000,0x00000000fa480000)
 ParOldGen       total 202752K, used 148422K [0x00000000a0000000, 0x00000000ac600000, 0x00000000e0000000)
  object space 202752K, 73% used [0x00000000a0000000,0x00000000a90f19c8,0x00000000ac600000)
 Metaspace       used 97534K, capacity 101591K, committed 101780K, reserved 1138688K
  class space    used 12594K, capacity 13401K, committed 13500K, reserved 1048576K
Event: 5067.682 GC heap after
Heap after GC invocations=34 (full 4):
 PSYoungGen      total 360448K, used 304K [0x00000000e0000000, 0x00000000f9e00000, 0x0000000100000000)
  eden space 309248K, 0% used [0x00000000e0000000,0x00000000e0000000,0x00000000f2e00000)
  from space 51200K, 0% used [0x00000000f6c00000,0x00000000f6c4c020,0x00000000f9e00000)
  to   space 57344K, 0% used [0x00000000f2e00000,0x00000000f2e00000,0x00000000f6600000)
 ParOldGen       total 202752K, used 149636K [0x00000000a0000000, 0x00000000ac600000, 0x00000000e0000000)
  object space 202752K, 73% used [0x00000000a0000000,0x00000000a92212a8,0x00000000ac600000)
 Metaspace       used 97534K, capacity 101591K, committed 101780K, reserved 1138688K
  class space    used 12594K, capacity 13401K, committed 13500K, reserved 1048576K
}
Event: 5360.015 GC heap before
{Heap before GC invocations=35 (full 4):
 PSYoungGen      total 360448K, used 171808K [0x00000000e0000000, 0x00000000f9e00000, 0x0000000100000000)
  eden space 309248K, 55% used [0x00000000e0000000,0x00000000ea77c1e8,0x00000000f2e00000)
  from space 51200K, 0% used [0x00000000f6c00000,0x00000000f6c4c020,0x00000000f9e00000)
  to   space 57344K, 0% used [0x00000000f2e00000,0x00000000f2e00000,0x00000000f6600000)
 ParOldGen       total 202752K, used 149636K [0x00000000a0000000, 0x00000000ac600000, 0x00000000e0000000)
  object space 202752K, 73% used [0x00000000a0000000,0x00000000a92212a8,0x00000000ac600000)
 Metaspace       used 97792K, capacity 101891K, committed 102036K, reserved 1138688K
  class space    used 12610K, capacity 13429K, committed 13500K, reserved 1048576K
Event: 5360.039 GC heap after
Heap after GC invocations=35 (full 4):
 PSYoungGen      total 310784K, used 1072K [0x00000000e0000000, 0x00000000f9c00000, 0x0000000100000000)
  eden space 309248K, 0% used [0x00000000e0000000,0x00000000e0000000,0x00000000f2e00000)
  from space 1536K, 69% used [0x00000000f2e00000,0x00000000f2f0c020,0x00000000f2f80000)
  to   space 56320K, 0% used [0x00000000f6500000,0x00000000f6500000,0x00000000f9c00000)
 ParOldGen       total 202752K, used 149644K [0x00000000a0000000, 0x00000000ac600000, 0x00000000e0000000)
  object space 202752K, 73% used [0x00000000a0000000,0x00000000a92232a8,0x00000000ac600000)
 Metaspace       used 97792K, capacity 101891K, committed 102036K, reserved 1138688K
  class space    used 12610K, capacity 13429K, committed 13500K, reserved 1048576K
}
Event: 5360.039 GC heap before
{Heap before GC invocations=36 (full 5):
 PSYoungGen      total 310784K, used 1072K [0x00000000e0000000, 0x00000000f9c00000, 0x0000000100000000)
  eden space 309248K, 0% used [0x00000000e0000000,0x00000000e0000000,0x00000000f2e00000)
  from space 1536K, 69% used [0x00000000f2e00000,0x00000000f2f0c020,0x00000000f2f80000)
  to   space 56320K, 0% used [0x00000000f6500000,0x00000000f6500000,0x00000000f9c00000)
 ParOldGen       total 202752K, used 149644K [0x00000000a0000000, 0x00000000ac600000, 0x00000000e0000000)
  object space 202752K, 73% used [0x00000000a0000000,0x00000000a92232a8,0x00000000ac600000)
 Metaspace       used 97792K, capacity 101891K, committed 102036K, reserved 1138688K
  class space    used 12610K, capacity 13429K, committed 13500K, reserved 1048576K
Event: 5361.723 GC heap after
Heap after GC invocations=36 (full 5):
 PSYoungGen      total 310784K, used 0K [0x00000000e0000000, 0x00000000f9c00000, 0x0000000100000000)
  eden space 309248K, 0% used [0x00000000e0000000,0x00000000e0000000,0x00000000f2e00000)
  from space 1536K, 0% used [0x00000000f2e00000,0x00000000f2e00000,0x00000000f2f80000)
  to   space 56320K, 0% used [0x00000000f6500000,0x00000000f6500000,0x00000000f9c00000)
 ParOldGen       total 202752K, used 53172K [0x00000000a0000000, 0x00000000ac600000, 0x00000000e0000000)
  object space 202752K, 26% used [0x00000000a0000000,0x00000000a33ed0c8,0x00000000ac600000)
 Metaspace       used 97648K, capacity 101673K, committed 102036K, reserved 1138688K
  class space    used 12588K, capacity 13390K, committed 13500K, reserved 1048576K
}
Event: 6275.170 GC heap before
{Heap before GC invocations=37 (full 5):
 PSYoungGen      total 310784K, used 309248K [0x00000000e0000000, 0x00000000f9c00000, 0x0000000100000000)
  eden space 309248K, 100% used [0x00000000e0000000,0x00000000f2e00000,0x00000000f2e00000)
  from space 1536K, 0% used [0x00000000f2e00000,0x00000000f2e00000,0x00000000f2f80000)
  to   space 56320K, 0% used [0x00000000f6500000,0x00000000f6500000,0x00000000f9c00000)
 ParOldGen       total 202752K, used 53172K [0x00000000a0000000, 0x00000000ac600000, 0x00000000e0000000)
  object space 202752K, 26% used [0x00000000a0000000,0x00000000a33ed0c8,0x00000000ac600000)
 Metaspace       used 98311K, capacity 102447K, committed 102548K, reserved 1138688K
  class space    used 12639K, capacity 13485K, committed 13500K, reserved 1048576K
Event: 6275.200 GC heap after
Heap after GC invocations=37 (full 5):
 PSYoungGen      total 369152K, used 15049K [0x00000000e0000000, 0x00000000fb480000, 0x0000000100000000)
  eden space 312832K, 0% used [0x00000000e0000000,0x00000000e0000000,0x00000000f3180000)
  from space 56320K, 26% used [0x00000000f6500000,0x00000000f73b27a0,0x00000000f9c00000)
  to   space 52736K, 0% used [0x00000000f3180000,0x00000000f3180000,0x00000000f6500000)
 ParOldGen       total 202752K, used 53180K [0x00000000a0000000, 0x00000000ac600000, 0x00000000e0000000)
  object space 202752K, 26% used [0x00000000a0000000,0x00000000a33ef0c8,0x00000000ac600000)
 Metaspace       used 98311K, capacity 102447K, committed 102548K, reserved 1138688K
  class space    used 12639K, capacity 13485K, committed 13500K, reserved 1048576K
}
Event: 6281.479 GC heap before
{Heap before GC invocations=38 (full 5):
 PSYoungGen      total 369152K, used 327881K [0x00000000e0000000, 0x00000000fb480000, 0x0000000100000000)
  eden space 312832K, 100% used [0x00000000e0000000,0x00000000f3180000,0x00000000f3180000)
  from space 56320K, 26% used [0x00000000f6500000,0x00000000f73b27a0,0x00000000f9c00000)
  to   space 52736K, 0% used [0x00000000f3180000,0x00000000f3180000,0x00000000f6500000)
 ParOldGen       total 202752K, used 53180K [0x00000000a0000000, 0x00000000ac600000, 0x00000000e0000000)
  object space 202752K, 26% used [0x00000000a0000000,0x00000000a33ef0c8,0x00000000ac600000)
 Metaspace       used 98569K, capacity 102739K, committed 102932K, reserved 1138688K
  class space    used 12642K, capacity 13519K, committed 13628K, reserved 1048576K
Event: 6281.855 GC heap after
Heap after GC invocations=38 (full 5):
 PSYoungGen      total 365568K, used 52718K [0x00000000e0000000, 0x0000000100000000, 0x0000000100000000)
  eden space 312832K, 0% used [0x00000000e0000000,0x00000000e0000000,0x00000000f3180000)
  from space 52736K, 99% used [0x00000000f3180000,0x00000000f64fb850,0x00000000f6500000)
  to   space 75264K, 0% used [0x00000000fb680000,0x00000000fb680000,0x0000000100000000)
 ParOldGen       total 202752K, used 88434K [0x00000000a0000000, 0x00000000ac600000, 0x00000000e0000000)
  object space 202752K, 43% used [0x00000000a0000000,0x00000000a565ca88,0x00000000ac600000)
 Metaspace       used 98569K, capacity 102739K, committed 102932K, reserved 1138688K
  class space    used 12642K, capacity 13519K, committed 13628K, reserved 1048576K
}

