# JRE version: OpenJDK Runtime Environment (8.0_202-b02) (build 1.8.0_202-release-1483-b02)
# Java VM: OpenJDK 64-Bit Server VM (25.202-b02 mixed mode windows-amd64 compressed oops)
Heap:
 PSYoungGen      total 317440K, used 156256K [0x00000000e0000000, 0x00000000f8c80000, 0x0000000100000000)
  eden space 284672K, 43% used [0x00000000e0000000,0x00000000e789bcd0,0x00000000f1600000)
  from space 32768K, 99% used [0x00000000f4400000,0x00000000f63fc510,0x00000000f6400000)
  to   space 47104K, 0% used [0x00000000f1600000,0x00000000f1600000,0x00000000f4400000)
 ParOldGen       total 122368K, used 67343K [0x00000000a0000000, 0x00000000a7780000, 0x00000000e0000000)
  object space 122368K, 55% used [0x00000000a0000000,0x00000000a41c3da0,0x00000000a7780000)
 Metaspace       used 81042K, capacity 84419K, committed 84568K, reserved 1122304K
  class space    used 10903K, capacity 11568K, committed 11648K, reserved 1048576K
GC Heap History (10 events):
Event: 14.506 GC heap before
{Heap before GC invocations=11 (full 2):
 PSYoungGen      total 243200K, used 90289K [0x00000000e0000000, 0x00000000f2b80000, 0x0000000100000000)
  eden space 227328K, 32% used [0x00000000e0000000,0x00000000e48b4468,0x00000000ede00000)
  from space 15872K, 99% used [0x00000000ef300000,0x00000000f0278150,0x00000000f0280000)
  to   space 21504K, 0% used [0x00000000ede00000,0x00000000ede00000,0x00000000ef300000)
 ParOldGen       total 83456K, used 27347K [0x00000000a0000000, 0x00000000a5180000, 0x00000000e0000000)
  object space 83456K, 32% used [0x00000000a0000000,0x00000000a1ab4c18,0x00000000a5180000)
 Metaspace       used 57284K, capacity 58906K, committed 59096K, reserved 1099776K
  class space    used 7739K, capacity 8166K, committed 8192K, reserved 1048576K
Event: 14.544 GC heap after
Heap after GC invocations=11 (full 2):
 PSYoungGen      total 248832K, used 17943K [0x00000000e0000000, 0x00000000f4300000, 0x0000000100000000)
  eden space 227328K, 0% used [0x00000000e0000000,0x00000000e0000000,0x00000000ede00000)
  from space 21504K, 83% used [0x00000000ede00000,0x00000000eef85f80,0x00000000ef300000)
  to   space 23552K, 0% used [0x00000000f2c00000,0x00000000f2c00000,0x00000000f4300000)
 ParOldGen       total 83456K, used 27419K [0x00000000a0000000, 0x00000000a5180000, 0x00000000e0000000)
  object space 83456K, 32% used [0x00000000a0000000,0x00000000a1ac6c28,0x00000000a5180000)
 Metaspace       used 57284K, capacity 58906K, committed 59096K, reserved 1099776K
  class space    used 7739K, capacity 8166K, committed 8192K, reserved 1048576K
}
Event: 14.544 GC heap before
{Heap before GC invocations=12 (full 3):
 PSYoungGen      total 248832K, used 17943K [0x00000000e0000000, 0x00000000f4300000, 0x0000000100000000)
  eden space 227328K, 0% used [0x00000000e0000000,0x00000000e0000000,0x00000000ede00000)
  from space 21504K, 83% used [0x00000000ede00000,0x00000000eef85f80,0x00000000ef300000)
  to   space 23552K, 0% used [0x00000000f2c00000,0x00000000f2c00000,0x00000000f4300000)
 ParOldGen       total 83456K, used 27419K [0x00000000a0000000, 0x00000000a5180000, 0x00000000e0000000)
  object space 83456K, 32% used [0x00000000a0000000,0x00000000a1ac6c28,0x00000000a5180000)
 Metaspace       used 57284K, capacity 58906K, committed 59096K, reserved 1099776K
  class space    used 7739K, capacity 8166K, committed 8192K, reserved 1048576K
Event: 14.939 GC heap after
Heap after GC invocations=12 (full 3):
 PSYoungGen      total 248832K, used 0K [0x00000000e0000000, 0x00000000f4300000, 0x0000000100000000)
  eden space 227328K, 0% used [0x00000000e0000000,0x00000000e0000000,0x00000000ede00000)
  from space 21504K, 0% used [0x00000000ede00000,0x00000000ede00000,0x00000000ef300000)
  to   space 23552K, 0% used [0x00000000f2c00000,0x00000000f2c00000,0x00000000f4300000)
 ParOldGen       total 122368K, used 33334K [0x00000000a0000000, 0x00000000a7780000, 0x00000000e0000000)
  object space 122368K, 27% used [0x00000000a0000000,0x00000000a208d9d0,0x00000000a7780000)
 Metaspace       used 57284K, capacity 58906K, committed 59096K, reserved 1099776K
  class space    used 7739K, capacity 8166K, committed 8192K, reserved 1048576K
}
Event: 19.441 GC heap before
{Heap before GC invocations=13 (full 3):
 PSYoungGen      total 248832K, used 227328K [0x00000000e0000000, 0x00000000f4300000, 0x0000000100000000)
  eden space 227328K, 100% used [0x00000000e0000000,0x00000000ede00000,0x00000000ede00000)
  from space 21504K, 0% used [0x00000000ede00000,0x00000000ede00000,0x00000000ef300000)
  to   space 23552K, 0% used [0x00000000f2c00000,0x00000000f2c00000,0x00000000f4300000)
 ParOldGen       total 122368K, used 33334K [0x00000000a0000000, 0x00000000a7780000, 0x00000000e0000000)
  object space 122368K, 27% used [0x00000000a0000000,0x00000000a208d9d0,0x00000000a7780000)
 Metaspace       used 64112K, capacity 66196K, committed 66520K, reserved 1105920K
  class space    used 8646K, capacity 9117K, committed 9216K, reserved 1048576K
Event: 19.473 GC heap after
Heap after GC invocations=13 (full 3):
 PSYoungGen      total 284160K, used 19877K [0x00000000e0000000, 0x00000000f3f80000, 0x0000000100000000)
  eden space 264192K, 0% used [0x00000000e0000000,0x00000000e0000000,0x00000000f0200000)
  from space 19968K, 99% used [0x00000000f2c00000,0x00000000f3f694a0,0x00000000f3f80000)
  to   space 25600K, 0% used [0x00000000f0d80000,0x00000000f0d80000,0x00000000f2680000)
 ParOldGen       total 122368K, used 33342K [0x00000000a0000000, 0x00000000a7780000, 0x00000000e0000000)
  object space 122368K, 27% used [0x00000000a0000000,0x00000000a208f9d0,0x00000000a7780000)
 Metaspace       used 64112K, capacity 66196K, committed 66520K, reserved 1105920K
  class space    used 8646K, capacity 9117K, committed 9216K, reserved 1048576K
}
Event: 158.260 GC heap before
{Heap before GC invocations=14 (full 3):
 PSYoungGen      total 284160K, used 284069K [0x00000000e0000000, 0x00000000f3f80000, 0x0000000100000000)
  eden space 264192K, 100% used [0x00000000e0000000,0x00000000f0200000,0x00000000f0200000)
  from space 19968K, 99% used [0x00000000f2c00000,0x00000000f3f694a0,0x00000000f3f80000)
  to   space 25600K, 0% used [0x00000000f0d80000,0x00000000f0d80000,0x00000000f2680000)
 ParOldGen       total 122368K, used 33342K [0x00000000a0000000, 0x00000000a7780000, 0x00000000e0000000)
  object space 122368K, 27% used [0x00000000a0000000,0x00000000a208f9d0,0x00000000a7780000)
 Metaspace       used 71183K, capacity 73644K, committed 73944K, reserved 1114112K
  class space    used 9424K, capacity 9977K, committed 9984K, reserved 1048576K
Event: 158.334 GC heap after
Heap after GC invocations=14 (full 3):
 PSYoungGen      total 301568K, used 25569K [0x00000000e0000000, 0x00000000f6400000, 0x0000000100000000)
  eden space 275968K, 0% used [0x00000000e0000000,0x00000000e0000000,0x00000000f0d80000)
  from space 25600K, 99% used [0x00000000f0d80000,0x00000000f2678540,0x00000000f2680000)
  to   space 32768K, 0% used [0x00000000f4400000,0x00000000f4400000,0x00000000f6400000)
 ParOldGen       total 122368K, used 42068K [0x00000000a0000000, 0x00000000a7780000, 0x00000000e0000000)
  object space 122368K, 34% used [0x00000000a0000000,0x00000000a2915050,0x00000000a7780000)
 Metaspace       used 71183K, capacity 73644K, committed 73944K, reserved 1114112K
  class space    used 9424K, capacity 9977K, committed 9984K, reserved 1048576K
}
Event: 166.280 GC heap before
{Heap before GC invocations=15 (full 3):
 PSYoungGen      total 301568K, used 301537K [0x00000000e0000000, 0x00000000f6400000, 0x0000000100000000)
  eden space 275968K, 100% used [0x00000000e0000000,0x00000000f0d80000,0x00000000f0d80000)
  from space 25600K, 99% used [0x00000000f0d80000,0x00000000f2678540,0x00000000f2680000)
  to   space 32768K, 0% used [0x00000000f4400000,0x00000000f4400000,0x00000000f6400000)
 ParOldGen       total 122368K, used 42068K [0x00000000a0000000, 0x00000000a7780000, 0x00000000e0000000)
  object space 122368K, 34% used [0x00000000a0000000,0x00000000a2915050,0x00000000a7780000)
 Metaspace       used 79975K, capacity 83211K, committed 83288K, reserved 1122304K
  class space    used 10741K, capacity 11386K, committed 11392K, reserved 1048576K
Event: 166.342 GC heap after
Heap after GC invocations=15 (full 3):
 PSYoungGen      total 317440K, used 32753K [0x00000000e0000000, 0x00000000f8c80000, 0x0000000100000000)
  eden space 284672K, 0% used [0x00000000e0000000,0x00000000e0000000,0x00000000f1600000)
  from space 32768K, 99% used [0x00000000f4400000,0x00000000f63fc510,0x00000000f6400000)
  to   space 47104K, 0% used [0x00000000f1600000,0x00000000f1600000,0x00000000f4400000)
 ParOldGen       total 122368K, used 67343K [0x00000000a0000000, 0x00000000a7780000, 0x00000000e0000000)
  object space 122368K, 55% used [0x00000000a0000000,0x00000000a41c3da0,0x00000000a7780000)
 Metaspace       used 79975K, capacity 83211K, committed 83288K, reserved 1122304K
  class space    used 10741K, capacity 11386K, committed 11392K, reserved 1048576K
}

